0 info it worked if it ends with ok
1 verbose cli [ '/Users/anjun/.nvm/versions/node/v7.6.0/bin/node',
1 verbose cli   '/Users/anjun/.nvm/versions/node/v7.6.0/bin/npm',
1 verbose cli   'run',
1 verbose cli   'watch' ]
2 info using npm@4.1.2
3 info using node@v7.6.0
4 verbose run-script [ 'prewatch', 'watch', 'postwatch' ]
5 info lifecycle mern@1.0.0~prewatch: mern@1.0.0
6 silly lifecycle mern@1.0.0~prewatch: no script for prewatch, continuing
7 info lifecycle mern@1.0.0~watch: mern@1.0.0
8 verbose lifecycle mern@1.0.0~watch: unsafe-perm in lifecycle true
9 verbose lifecycle mern@1.0.0~watch: PATH: /Users/anjun/.nvm/versions/node/v7.6.0/lib/node_modules/npm/bin/node-gyp-bin:/Users/anjun/github/mern/node_modules/.bin:/Users/anjun/.nvm/versions/node/v7.6.0/bin:/Users/anjun/bin:/Users/anjun/Library/Android/sdk/platform-tools:/usr/local/Cellar/ant/1.9.6/bin:/Users/anjun/g/tools/cocos2d-x-3.7/templates:/Users/anjun/g/tools/cocos2d-x-3.7/tools/cocos2d-console/bin:/Users/anjun/.dnx/runtimes/dnx-mono.1.0.0-beta5/bin:/Users/anjun/.dnx/bin:/Users/anjun/Homestead:/Users/anjun/go/bin:/Users/anjun/bd/os/spark-1.5.0-bin-hadoop2.6/bin:/Users/anjun/bd/os/spark-1.5.0-bin-hadoop2.6/sbin:/Users/anjun/g/tools/cocos2d-x-3.7/tools/cocos2d-console/bin:/Users/anjun/.rvm/gems/ruby-2.3.0@rails4.2/bin:/Users/anjun/.rvm/gems/ruby-2.3.0@global/bin:/Users/anjun/.rvm/rubies/ruby-2.3.0/bin:/Users/anjun/.pyenv/shims:/Users/anjun/.pyenv/bin:/usr/local/bin:/usr/bin:/bin:/usr/sbin:/sbin:/opt/X11/bin:/usr/local/aria2/bin:/usr/local/go/bin:/Users/anjun/.pyenv/versions/2.7.12/bin:/Users/anjun/.pyenv/libexec:/Users/anjun/.pyenv/plugins/python-build/bin:/Users/anjun/.pyenv/plugins/pyenv-virtualenv/bin:/Users/anjun/.pyenv/plugins/pyenv-update/bin:/Users/anjun/.pyenv/plugins/pyenv-installer/bin:/Users/anjun/.pyenv/plugins/pyenv-doctor/bin:/Users/anjun/bin:/Users/anjun/Library/Android/sdk/platform-tools:/usr/local/Cellar/ant/1.9.6/bin:/Users/anjun/g/tools/cocos2d-x-3.7/templates:/Users/anjun/g/tools/cocos2d-x-3.7/tools/cocos2d-console/bin:/Users/anjun/.dnx/bin:/Users/anjun/Homestead:/Users/anjun/go/bin:/Users/anjun/.sdkman/candidates/grails/current/bin:/Users/anjun/.sdkman/candidates/gradle/current/bin:/Users/anjun/bd/os/spark-1.5.0-bin-hadoop2.6/bin:/Users/anjun/bd/os/spark-1.5.0-bin-hadoop2.6/sbin:/Users/anjun/.rvm/gems/ruby-2.3.0@rails4.2/bin:/Users/anjun/.rvm/gems/ruby-2.3.0@global/bin:/Users/anjun/.rvm/rubies/ruby-2.3.0/bin:/Users/anjun/.pyenv/shims:/Users/anjun/.pyenv/bin:/Users/anjun/.rvm/bin:/Users/anjun/android/ndk:/Users/anjun/go/path/bin:/Users/anjun/go/code/bin:/Users/anjun/go/work/bin:/Users/anjun/.composer/vendor/bin:/Users/anjun/.rvm/bin:/Users/anjun/android/ndk:/Users/anjun/go/path/bin:/Users/anjun/go/code/bin:/Users/anjun/go/work/bin:/Users/anjun/.composer/vendor/bin
10 verbose lifecycle mern@1.0.0~watch: CWD: /Users/anjun/github/mern
11 silly lifecycle mern@1.0.0~watch: Args: [ '-c', 'webpack-dev-server --hot --inline' ]
12 silly lifecycle mern@1.0.0~watch: Returned: code: 1  signal: null
13 info lifecycle mern@1.0.0~watch: Failed to exec watch script
14 verbose stack Error: mern@1.0.0 watch: `webpack-dev-server --hot --inline`
14 verbose stack Exit status 1
14 verbose stack     at EventEmitter.<anonymous> (/Users/anjun/.nvm/versions/node/v7.6.0/lib/node_modules/npm/lib/utils/lifecycle.js:279:16)
14 verbose stack     at emitTwo (events.js:106:13)
14 verbose stack     at EventEmitter.emit (events.js:192:7)
14 verbose stack     at ChildProcess.<anonymous> (/Users/anjun/.nvm/versions/node/v7.6.0/lib/node_modules/npm/lib/utils/spawn.js:40:14)
14 verbose stack     at emitTwo (events.js:106:13)
14 verbose stack     at ChildProcess.emit (events.js:192:7)
14 verbose stack     at maybeClose (internal/child_process.js:890:16)
14 verbose stack     at Process.ChildProcess._handle.onexit (internal/child_process.js:226:5)
15 verbose pkgid mern@1.0.0
16 verbose cwd /Users/anjun/github/mern
17 error Darwin 16.4.0
18 error argv "/Users/anjun/.nvm/versions/node/v7.6.0/bin/node" "/Users/anjun/.nvm/versions/node/v7.6.0/bin/npm" "run" "watch"
19 error node v7.6.0
20 error npm  v4.1.2
21 error code ELIFECYCLE
22 error mern@1.0.0 watch: `webpack-dev-server --hot --inline`
22 error Exit status 1
23 error Failed at the mern@1.0.0 watch script 'webpack-dev-server --hot --inline'.
23 error Make sure you have the latest version of node.js and npm installed.
23 error If you do, this is most likely a problem with the mern package,
23 error not with npm itself.
23 error Tell the author that this fails on your system:
23 error     webpack-dev-server --hot --inline
23 error You can get information on how to open an issue for this project with:
23 error     npm bugs mern
23 error Or if that isn't available, you can get their info via:
23 error     npm owner ls mern
23 error There is likely additional logging output above.
24 verbose exit [ 1, true ]
